<?xml version="1.0" encoding="UTF-8"?>
<testsuite xmlns:xsi="http://www.w3.org/2001/XMLSchema-instance" xsi:noNamespaceSchemaLocation="https://maven.apache.org/surefire/maven-surefire-plugin/xsd/surefire-test-report.xsd" name="net.serenity.bdd.features.navigation.WhenUserLogIn" time="38.267" tests="4" errors="0" skipped="0" failures="0">
  <properties>
    <property name="sun.desktop" value="windows"/>
    <property name="awt.toolkit" value="sun.awt.windows.WToolkit"/>
    <property name="java.specification.version" value="9"/>
    <property name="file.encoding.pkg" value="sun.io"/>
    <property name="sun.cpu.isalist" value="amd64"/>
    <property name="sun.jnu.encoding" value="Cp1252"/>
    <property name="java.class.path" value="C:\Users\suganya.jagadeesan\IdeaProjects\webIndividual\target\test-classes;C:\Users\suganya.jagadeesan\IdeaProjects\webIndividual\target\classes;C:\Users\suganya.jagadeesan\.m2\repository\net\serenity-bdd\serenity-core\1.1.21\serenity-core-1.1.21.jar;C:\Users\suganya.jagadeesan\.m2\repository\com\google\guava\guava\18.0\guava-18.0.jar;C:\Users\suganya.jagadeesan\.m2\repository\com\google\inject\guice\3.0\guice-3.0.jar;C:\Users\suganya.jagadeesan\.m2\repository\javax\inject\javax.inject\1\javax.inject-1.jar;C:\Users\suganya.jagadeesan\.m2\repository\aopalliance\aopalliance\1.0\aopalliance-1.0.jar;C:\Users\suganya.jagadeesan\.m2\repository\cglib\cglib\3.1\cglib-3.1.jar;C:\Users\suganya.jagadeesan\.m2\repository\org\ow2\asm\asm\5.0.3\asm-5.0.3.jar;C:\Users\suganya.jagadeesan\.m2\repository\commons-codec\commons-codec\1.9\commons-codec-1.9.jar;C:\Users\suganya.jagadeesan\.m2\repository\org\objenesis\objenesis\2.1\objenesis-2.1.jar;C:\Users\suganya.jagadeesan\.m2\repository\org\slf4j\slf4j-api\1.7.7\slf4j-api-1.7.7.jar;C:\Users\suganya.jagadeesan\.m2\repository\xml-apis\xml-apis\1.4.01\xml-apis-1.4.01.jar;C:\Users\suganya.jagadeesan\.m2\repository\info\cukes\cucumber-core\1.2.4\cucumber-core-1.2.4.jar;C:\Users\suganya.jagadeesan\.m2\repository\info\cukes\cucumber-html\0.2.3\cucumber-html-0.2.3.jar;C:\Users\suganya.jagadeesan\.m2\repository\info\cukes\cucumber-jvm-deps\1.0.5\cucumber-jvm-deps-1.0.5.jar;C:\Users\suganya.jagadeesan\.m2\repository\info\cukes\gherkin\2.12.2\gherkin-2.12.2.jar;C:\Users\suganya.jagadeesan\.m2\repository\commons-logging\commons-logging\1.2\commons-logging-1.2.jar;C:\Users\suganya.jagadeesan\.m2\repository\org\mockito\mockito-core\1.9.5\mockito-core-1.9.5.jar;C:\Users\suganya.jagadeesan\.m2\repository\com\google\code\gson\gson\2.3.1\gson-2.3.1.jar;C:\Users\suganya.jagadeesan\.m2\repository\commons-io\commons-io\2.4\commons-io-2.4.jar;C:\Users\suganya.jagadeesan\.m2\repository\com\opera\operadriver\1.5\operadriver-1.5.jar;C:\Users\suganya.jagadeesan\.m2\repository\com\opera\operalaunchers\1.1\operalaunchers-1.1.jar;C:\Users\suganya.jagadeesan\.m2\repository\com\google\protobuf\protobuf-java\2.4.1\protobuf-java-2.4.1.jar;C:\Users\suganya.jagadeesan\.m2\repository\commons-jxpath\commons-jxpath\1.3\commons-jxpath-1.3.jar;C:\Users\suganya.jagadeesan\.m2\repository\org\ini4j\ini4j\0.5.2\ini4j-0.5.2.jar;C:\Users\suganya.jagadeesan\.m2\repository\org\seleniumhq\selenium\selenium-server\2.48.2\selenium-server-2.48.2.jar;C:\Users\suganya.jagadeesan\.m2\repository\com\beust\jcommander\1.48\jcommander-1.48.jar;C:\Users\suganya.jagadeesan\.m2\repository\org\bouncycastle\bcprov-jdk15on\1.48\bcprov-jdk15on-1.48.jar;C:\Users\suganya.jagadeesan\.m2\repository\org\bouncycastle\bcpkix-jdk15on\1.48\bcpkix-jdk15on-1.48.jar;C:\Users\suganya.jagadeesan\.m2\repository\mx4j\mx4j-tools\3.0.1\mx4j-tools-3.0.1.jar;C:\Users\suganya.jagadeesan\.m2\repository\org\mortbay\jetty\servlet-api-2.5\6.1.9\servlet-api-2.5-6.1.9.jar;C:\Users\suganya.jagadeesan\.m2\repository\org\seleniumhq\selenium\jetty-repacked\9.2.13.v20150730\jetty-repacked-9.2.13.v20150730.jar;C:\Users\suganya.jagadeesan\.m2\repository\javax\servlet\javax.servlet-api\3.1.0\javax.servlet-api-3.1.0.jar;C:\Users\suganya.jagadeesan\.m2\repository\org\seleniumhq\selenium\jetty-rc-repacked\5\jetty-rc-repacked-5.jar;C:\Users\suganya.jagadeesan\.m2\repository\net\jcip\jcip-annotations\1.0\jcip-annotations-1.0.jar;C:\Users\suganya.jagadeesan\.m2\repository\org\seleniumhq\selenium\selenium-java\2.48.2\selenium-java-2.48.2.jar;C:\Users\suganya.jagadeesan\.m2\repository\org\seleniumhq\selenium\selenium-chrome-driver\2.48.2\selenium-chrome-driver-2.48.2.jar;C:\Users\suganya.jagadeesan\.m2\repository\org\seleniumhq\selenium\selenium-remote-driver\2.48.2\selenium-remote-driver-2.48.2.jar;C:\Users\suganya.jagadeesan\.m2\repository\org\seleniumhq\selenium\selenium-api\2.48.2\selenium-api-2.48.2.jar;C:\Users\suganya.jagadeesan\.m2\repository\org\seleniumhq\selenium\selenium-edge-driver\2.48.2\selenium-edge-driver-2.48.2.jar;C:\Users\suganya.jagadeesan\.m2\repository\org\apache\commons\commons-exec\1.3\commons-exec-1.3.jar;C:\Users\suganya.jagadeesan\.m2\repository\org\seleniumhq\selenium\selenium-htmlunit-driver\2.48.2\selenium-htmlunit-driver-2.48.2.jar;C:\Users\suganya.jagadeesan\.m2\repository\org\seleniumhq\selenium\selenium-firefox-driver\2.48.2\selenium-firefox-driver-2.48.2.jar;C:\Users\suganya.jagadeesan\.m2\repository\org\seleniumhq\selenium\selenium-ie-driver\2.48.2\selenium-ie-driver-2.48.2.jar;C:\Users\suganya.jagadeesan\.m2\repository\net\java\dev\jna\jna\4.1.0\jna-4.1.0.jar;C:\Users\suganya.jagadeesan\.m2\repository\net\java\dev\jna\jna-platform\4.1.0\jna-platform-4.1.0.jar;C:\Users\suganya.jagadeesan\.m2\repository\org\seleniumhq\selenium\selenium-safari-driver\2.48.2\selenium-safari-driver-2.48.2.jar;C:\Users\suganya.jagadeesan\.m2\repository\org\seleniumhq\selenium\selenium-support\2.48.2\selenium-support-2.48.2.jar;C:\Users\suganya.jagadeesan\.m2\repository\org\webbitserver\webbit\0.4.14\webbit-0.4.14.jar;C:\Users\suganya.jagadeesan\.m2\repository\io\netty\netty\3.5.2.Final\netty-3.5.2.Final.jar;C:\Users\suganya.jagadeesan\.m2\repository\org\seleniumhq\selenium\selenium-leg-rc\2.48.2\selenium-leg-rc-2.48.2.jar;C:\Users\suganya.jagadeesan\.m2\repository\org\yaml\snakeyaml\1.8\snakeyaml-1.8.jar;C:\Users\suganya.jagadeesan\.m2\repository\com\codeborne\phantomjsdriver\1.2.1\phantomjsdriver-1.2.1.jar;C:\Users\suganya.jagadeesan\.m2\repository\io\appium\java-client\3.2.0\java-client-3.2.0.jar;C:\Users\suganya.jagadeesan\.m2\repository\commons-validator\commons-validator\1.4.1\commons-validator-1.4.1.jar;C:\Users\suganya.jagadeesan\.m2\repository\commons-beanutils\commons-beanutils\1.8.3\commons-beanutils-1.8.3.jar;C:\Users\suganya.jagadeesan\.m2\repository\commons-digester\commons-digester\1.8.1\commons-digester-1.8.1.jar;C:\Users\suganya.jagadeesan\.m2\repository\org\codehaus\groovy\groovy\2.3.10\groovy-2.3.10.jar;C:\Users\suganya.jagadeesan\.m2\repository\net\sf\opencsv\opencsv\2.0\opencsv-2.0.jar;C:\Users\suganya.jagadeesan\.m2\repository\commons-beanutils\commons-beanutils-core\1.8.3\commons-beanutils-core-1.8.3.jar;C:\Users\suganya.jagadeesan\.m2\repository\com\googlecode\lambdaj\lambdaj\2.3.3\lambdaj-2.3.3.jar;C:\Users\suganya.jagadeesan\.m2\repository\joda-time\joda-time\2.7\joda-time-2.7.jar;C:\Users\suganya.jagadeesan\.m2\repository\com\thoughtworks\xstream\xstream\1.4.5\xstream-1.4.5.jar;C:\Users\suganya.jagadeesan\.m2\repository\xmlpull\xmlpull\1.1.3.1\xmlpull-1.1.3.1.jar;C:\Users\suganya.jagadeesan\.m2\repository\xpp3\xpp3_min\1.1.4c\xpp3_min-1.1.4c.jar;C:\Users\suganya.jagadeesan\.m2\repository\org\apache\commons\commons-lang3\3.3.2\commons-lang3-3.3.2.jar;C:\Users\suganya.jagadeesan\.m2\repository\commons-collections\commons-collections\3.2.1\commons-collections-3.2.1.jar;C:\Users\suganya.jagadeesan\.m2\repository\net\sourceforge\jexcelapi\jxl\2.6.12\jxl-2.6.12.jar;C:\Users\suganya.jagadeesan\.m2\repository\org\hamcrest\hamcrest-core\1.3\hamcrest-core-1.3.jar;C:\Users\suganya.jagadeesan\.m2\repository\org\hamcrest\hamcrest-library\1.3\hamcrest-library-1.3.jar;C:\Users\suganya.jagadeesan\.m2\repository\net\sourceforge\htmlunit\htmlunit\2.18\htmlunit-2.18.jar;C:\Users\suganya.jagadeesan\.m2\repository\xalan\xalan\2.7.2\xalan-2.7.2.jar;C:\Users\suganya.jagadeesan\.m2\repository\xalan\serializer\2.7.2\serializer-2.7.2.jar;C:\Users\suganya.jagadeesan\.m2\repository\net\sourceforge\htmlunit\htmlunit-core-js\2.17\htmlunit-core-js-2.17.jar;C:\Users\suganya.jagadeesan\.m2\repository\xerces\xercesImpl\2.11.0\xercesImpl-2.11.0.jar;C:\Users\suganya.jagadeesan\.m2\repository\net\sourceforge\nekohtml\nekohtml\1.9.22\nekohtml-1.9.22.jar;C:\Users\suganya.jagadeesan\.m2\repository\net\sourceforge\cssparser\cssparser\0.9.16\cssparser-0.9.16.jar;C:\Users\suganya.jagadeesan\.m2\repository\org\w3c\css\sac\1.3\sac-1.3.jar;C:\Users\suganya.jagadeesan\.m2\repository\org\eclipse\jetty\websocket\websocket-client\9.2.12.v20150709\websocket-client-9.2.12.v20150709.jar;C:\Users\suganya.jagadeesan\.m2\repository\org\eclipse\jetty\jetty-util\9.2.12.v20150709\jetty-util-9.2.12.v20150709.jar;C:\Users\suganya.jagadeesan\.m2\repository\org\eclipse\jetty\jetty-io\9.2.12.v20150709\jetty-io-9.2.12.v20150709.jar;C:\Users\suganya.jagadeesan\.m2\repository\org\eclipse\jetty\websocket\websocket-common\9.2.12.v20150709\websocket-common-9.2.12.v20150709.jar;C:\Users\suganya.jagadeesan\.m2\repository\org\eclipse\jetty\websocket\websocket-api\9.2.12.v20150709\websocket-api-9.2.12.v20150709.jar;C:\Users\suganya.jagadeesan\.m2\repository\org\apache\httpcomponents\httpclient\4.4.1\httpclient-4.4.1.jar;C:\Users\suganya.jagadeesan\.m2\repository\org\apache\httpcomponents\httpcore\4.4.1\httpcore-4.4.1.jar;C:\Users\suganya.jagadeesan\.m2\repository\org\apache\httpcomponents\httpmime\4.4.1\httpmime-4.4.1.jar;C:\Users\suganya.jagadeesan\.m2\repository\org\fluentlenium\fluentlenium-core\0.10.2\fluentlenium-core-0.10.2.jar;C:\Users\suganya.jagadeesan\.m2\repository\com\jhlabs\filters\2.0.235\filters-2.0.235.jar;C:\Users\suganya.jagadeesan\.m2\repository\org\asciidoctor\asciidoctor-java-integration\0.1.4\asciidoctor-java-integration-0.1.4.jar;C:\Users\suganya.jagadeesan\.m2\repository\org\jruby\jruby-complete\1.7.4\jruby-complete-1.7.4.jar;C:\Users\suganya.jagadeesan\.m2\repository\org\imgscalr\imgscalr-lib\4.2\imgscalr-lib-4.2.jar;C:\Users\suganya.jagadeesan\.m2\repository\javax\validation\validation-api\1.1.0.Final\validation-api-1.1.0.Final.jar;C:\Users\suganya.jagadeesan\.m2\repository\org\hibernate\hibernate-validator\5.1.1.Final\hibernate-validator-5.1.1.Final.jar;C:\Users\suganya.jagadeesan\.m2\repository\org\jboss\logging\jboss-logging\3.1.3.GA\jboss-logging-3.1.3.GA.jar;C:\Users\suganya.jagadeesan\.m2\repository\com\fasterxml\classmate\1.0.0\classmate-1.0.0.jar;C:\Users\suganya.jagadeesan\.m2\repository\javax\el\javax.el-api\2.2.4\javax.el-api-2.2.4.jar;C:\Users\suganya.jagadeesan\.m2\repository\org\glassfish\web\javax.el\2.2.4\javax.el-2.2.4.jar;C:\Users\suganya.jagadeesan\.m2\repository\com\jayway\awaitility\awaitility\1.6.3\awaitility-1.6.3.jar;C:\Users\suganya.jagadeesan\.m2\repository\com\typesafe\config\1.2.1\config-1.2.1.jar;C:\Users\suganya.jagadeesan\.m2\repository\org\jsoup\jsoup\1.8.3\jsoup-1.8.3.jar;C:\Users\suganya.jagadeesan\.m2\repository\com\google\jimfs\jimfs\1.0\jimfs-1.0.jar;C:\Users\suganya.jagadeesan\.m2\repository\net\serenity-bdd\serenity-junit\1.1.21\serenity-junit-1.1.21.jar;C:\Users\suganya.jagadeesan\.m2\repository\org\slf4j\slf4j-simple\1.6.1\slf4j-simple-1.6.1.jar;C:\Users\suganya.jagadeesan\.m2\repository\junit\junit\4.11\junit-4.11.jar;C:\Users\suganya.jagadeesan\.m2\repository\net\serenity-bdd\serenity-cucumber\1.1.8\serenity-cucumber-1.1.8.jar;C:\Users\suganya.jagadeesan\.m2\repository\net\serenity-bdd\serenity-screenplay\1.1.34\serenity-screenplay-1.1.34.jar;C:\Users\suganya.jagadeesan\.m2\repository\com\google\code\findbugs\jsr305\3.0.1\jsr305-3.0.1.jar;C:\Users\suganya.jagadeesan\.m2\repository\net\serenity-bdd\browse-the-web\1.1.34\browse-the-web-1.1.34.jar;C:\Users\suganya.jagadeesan\.m2\repository\info\cukes\cucumber-junit\1.1.3\cucumber-junit-1.1.3.jar;C:\Users\suganya.jagadeesan\.m2\repository\info\cukes\cucumber-java\1.1.3\cucumber-java-1.1.3.jar;C:\Users\suganya.jagadeesan\.m2\repository\org\assertj\assertj-core\3.9.0\assertj-core-3.9.0.jar;C:\Users\suganya.jagadeesan\.m2\repository\net\serenity-bdd\serenity-report-resources\1.9.0\serenity-report-resources-1.9.0.jar;C:\Users\suganya.jagadeesan\.m2\repository\io\cucumber\cucumber-core\2.3.0\cucumber-core-2.3.0.jar;C:\Users\suganya.jagadeesan\.m2\repository\io\cucumber\cucumber-jvm-deps\1.0.6\cucumber-jvm-deps-1.0.6.jar;C:\Users\suganya.jagadeesan\.m2\repository\io\cucumber\gherkin\5.0.0\gherkin-5.0.0.jar;C:\Users\suganya.jagadeesan\.m2\repository\io\cucumber\tag-expressions\1.1.1\tag-expressions-1.1.1.jar;C:\Users\suganya.jagadeesan\.m2\repository\net\bytebuddy\byte-buddy\1.7.5\byte-buddy-1.7.5.jar;C:\Users\suganya.jagadeesan\.m2\repository\io\vavr\vavr\0.9.0\vavr-0.9.0.jar;C:\Users\suganya.jagadeesan\.m2\repository\io\vavr\vavr-match\0.9.0\vavr-match-0.9.0.jar;C:\Users\suganya.jagadeesan\.m2\repository\com\buschmais\jqassistant\core\report\1.3.0\report-1.3.0.jar;C:\Users\suganya.jagadeesan\.m2\repository\com\buschmais\jqassistant\core\rule\1.3.0\rule-1.3.0.jar;C:\Users\suganya.jagadeesan\.m2\repository\com\buschmais\jqassistant\core\shared\1.3.0\shared-1.3.0.jar;C:\Users\suganya.jagadeesan\.m2\repository\org\asciidoctor\asciidoctorj\1.5.4.1\asciidoctorj-1.5.4.1.jar;C:\Users\suganya.jagadeesan\.m2\repository\org\jruby\jruby-core\9.1.7.0\jruby-core-9.1.7.0.jar;C:\Users\suganya.jagadeesan\.m2\repository\com\github\jnr\jnr-netdb\1.1.6\jnr-netdb-1.1.6.jar;C:\Users\suganya.jagadeesan\.m2\repository\com\github\jnr\jnr-enxio\0.14\jnr-enxio-0.14.jar;C:\Users\suganya.jagadeesan\.m2\repository\com\github\jnr\jnr-x86asm\1.0.2\jnr-x86asm-1.0.2.jar;C:\Users\suganya.jagadeesan\.m2\repository\com\github\jnr\jnr-unixsocket\0.15\jnr-unixsocket-0.15.jar;C:\Users\suganya.jagadeesan\.m2\repository\com\github\jnr\jnr-posix\3.0.33\jnr-posix-3.0.33.jar;C:\Users\suganya.jagadeesan\.m2\repository\com\github\jnr\jnr-constants\0.9.6\jnr-constants-0.9.6.jar;C:\Users\suganya.jagadeesan\.m2\repository\com\github\jnr\jffi\1.2.14\jffi-1.2.14.jar;C:\Users\suganya.jagadeesan\.m2\repository\com\github\jnr\jffi\1.2.14\jffi-1.2.14-native.jar;C:\Users\suganya.jagadeesan\.m2\repository\org\jruby\joni\joni\2.1.11\joni-2.1.11.jar;C:\Users\suganya.jagadeesan\.m2\repository\org\jruby\extras\bytelist\1.0.13\bytelist-1.0.13.jar;C:\Users\suganya.jagadeesan\.m2\repository\org\jruby\jcodings\jcodings\1.0.18\jcodings-1.0.18.jar;C:\Users\suganya.jagadeesan\.m2\repository\org\jruby\dirgra\0.3\dirgra-0.3.jar;C:\Users\suganya.jagadeesan\.m2\repository\com\headius\invokebinder\1.7\invokebinder-1.7.jar;C:\Users\suganya.jagadeesan\.m2\repository\com\headius\options\1.4\options-1.4.jar;C:\Users\suganya.jagadeesan\.m2\repository\com\headius\unsafe-fences\1.0\unsafe-fences-1.0.jar;C:\Users\suganya.jagadeesan\.m2\repository\com\jcraft\jzlib\1.1.3\jzlib-1.1.3.jar;C:\Users\suganya.jagadeesan\.m2\repository\com\martiansoftware\nailgun-server\0.9.1\nailgun-server-0.9.1.jar;C:\Users\suganya.jagadeesan\.m2\repository\org\jruby\jruby-stdlib\9.1.7.0\jruby-stdlib-9.1.7.0.jar;C:\Users\suganya.jagadeesan\.m2\repository\org\ow2\asm\asm-analysis\5.2\asm-analysis-5.2.jar;C:\Users\suganya.jagadeesan\.m2\repository\org\ow2\asm\asm-tree\5.2\asm-tree-5.2.jar;C:\Users\suganya.jagadeesan\.m2\repository\org\ow2\asm\asm-commons\5.2\asm-commons-5.2.jar;C:\Users\suganya.jagadeesan\.m2\repository\org\ow2\asm\asm-util\5.2\asm-util-5.2.jar;C:\Users\suganya.jagadeesan\.m2\repository\com\buschmais\xo\xo.neo4j.api\0.8.1\xo.neo4j.api-0.8.1.jar;C:\Users\suganya.jagadeesan\.m2\repository\com\buschmais\xo\xo.api\0.8.1\xo.api-0.8.1.jar;C:\Users\suganya.jagadeesan\.m2\repository\com\buschmais\xo\xo.spi\0.8.1\xo.spi-0.8.1.jar;C:\Users\suganya.jagadeesan\.m2\repository\com\sun\xml\bind\jaxb-impl\2.2.8-b01\jaxb-impl-2.2.8-b01.jar;C:\Users\suganya.jagadeesan\.m2\repository\com\sun\xml\bind\jaxb-core\2.2.8-b01\jaxb-core-2.2.8-b01.jar;C:\Users\suganya.jagadeesan\.m2\repository\javax\xml\bind\jaxb-api\2.2.9\jaxb-api-2.2.9.jar;C:\Users\suganya.jagadeesan\.m2\repository\com\sun\istack\istack-commons-runtime\2.16\istack-commons-runtime-2.16.jar;C:\Users\suganya.jagadeesan\.m2\repository\com\sun\xml\fastinfoset\FastInfoset\1.2.12\FastInfoset-1.2.12.jar;C:\Users\suganya.jagadeesan\.m2\repository\net\serenity-bdd\serenity-rest-assured\1.9.0-rc.3\serenity-rest-assured-1.9.0-rc.3.jar;C:\Users\suganya.jagadeesan\.m2\repository\io\rest-assured\rest-assured\3.0.5\rest-assured-3.0.5.jar;C:\Users\suganya.jagadeesan\.m2\repository\org\codehaus\groovy\groovy-xml\2.4.9\groovy-xml-2.4.9.jar;C:\Users\suganya.jagadeesan\.m2\repository\org\ccil\cowan\tagsoup\tagsoup\1.2.1\tagsoup-1.2.1.jar;C:\Users\suganya.jagadeesan\.m2\repository\io\rest-assured\json-path\3.0.5\json-path-3.0.5.jar;C:\Users\suganya.jagadeesan\.m2\repository\org\codehaus\groovy\groovy-json\2.4.9\groovy-json-2.4.9.jar;C:\Users\suganya.jagadeesan\.m2\repository\io\rest-assured\rest-assured-common\3.0.5\rest-assured-common-3.0.5.jar;C:\Users\suganya.jagadeesan\.m2\repository\io\rest-assured\xml-path\3.0.5\xml-path-3.0.5.jar;C:\Users\suganya.jagadeesan\.m2\repository\org\freemarker\freemarker\2.3.27-incubating\freemarker-2.3.27-incubating.jar;"/>
    <property name="java.vm.vendor" value="Oracle Corporation"/>
    <property name="sun.arch.data.model" value="64"/>
    <property name="user.variant" value=""/>
    <property name="java.vendor.url" value="http://java.oracle.com/"/>
    <property name="user.timezone" value=""/>
    <property name="java.vm.specification.version" value="9"/>
    <property name="os.name" value="Windows 10"/>
    <property name="sun.java.launcher" value="SUN_STANDARD"/>
    <property name="user.country" value="GB"/>
    <property name="sun.boot.library.path" value="C:\Program Files\Java\jdk-9.0.4\bin"/>
    <property name="sun.java.command" value="C:\Users\SUGANY~1.JAG\AppData\Local\Temp\surefire10882018917739946687\surefirebooter7822936018013829386.jar C:\Users\suganya.jagadeesan\AppData\Local\Temp\surefire10882018917739946687 2018-03-05T19-36-17_039-jvmRun1 surefire2533808358618453572tmp surefire_016647302464251023785tmp"/>
    <property name="jdk.debug" value="release"/>
    <property name="surefire.test.class.path" value="C:\Users\suganya.jagadeesan\IdeaProjects\webIndividual\target\test-classes;C:\Users\suganya.jagadeesan\IdeaProjects\webIndividual\target\classes;C:\Users\suganya.jagadeesan\.m2\repository\net\serenity-bdd\serenity-core\1.1.21\serenity-core-1.1.21.jar;C:\Users\suganya.jagadeesan\.m2\repository\com\google\guava\guava\18.0\guava-18.0.jar;C:\Users\suganya.jagadeesan\.m2\repository\com\google\inject\guice\3.0\guice-3.0.jar;C:\Users\suganya.jagadeesan\.m2\repository\javax\inject\javax.inject\1\javax.inject-1.jar;C:\Users\suganya.jagadeesan\.m2\repository\aopalliance\aopalliance\1.0\aopalliance-1.0.jar;C:\Users\suganya.jagadeesan\.m2\repository\cglib\cglib\3.1\cglib-3.1.jar;C:\Users\suganya.jagadeesan\.m2\repository\org\ow2\asm\asm\5.0.3\asm-5.0.3.jar;C:\Users\suganya.jagadeesan\.m2\repository\commons-codec\commons-codec\1.9\commons-codec-1.9.jar;C:\Users\suganya.jagadeesan\.m2\repository\org\objenesis\objenesis\2.1\objenesis-2.1.jar;C:\Users\suganya.jagadeesan\.m2\repository\org\slf4j\slf4j-api\1.7.7\slf4j-api-1.7.7.jar;C:\Users\suganya.jagadeesan\.m2\repository\xml-apis\xml-apis\1.4.01\xml-apis-1.4.01.jar;C:\Users\suganya.jagadeesan\.m2\repository\info\cukes\cucumber-core\1.2.4\cucumber-core-1.2.4.jar;C:\Users\suganya.jagadeesan\.m2\repository\info\cukes\cucumber-html\0.2.3\cucumber-html-0.2.3.jar;C:\Users\suganya.jagadeesan\.m2\repository\info\cukes\cucumber-jvm-deps\1.0.5\cucumber-jvm-deps-1.0.5.jar;C:\Users\suganya.jagadeesan\.m2\repository\info\cukes\gherkin\2.12.2\gherkin-2.12.2.jar;C:\Users\suganya.jagadeesan\.m2\repository\commons-logging\commons-logging\1.2\commons-logging-1.2.jar;C:\Users\suganya.jagadeesan\.m2\repository\org\mockito\mockito-core\1.9.5\mockito-core-1.9.5.jar;C:\Users\suganya.jagadeesan\.m2\repository\com\google\code\gson\gson\2.3.1\gson-2.3.1.jar;C:\Users\suganya.jagadeesan\.m2\repository\commons-io\commons-io\2.4\commons-io-2.4.jar;C:\Users\suganya.jagadeesan\.m2\repository\com\opera\operadriver\1.5\operadriver-1.5.jar;C:\Users\suganya.jagadeesan\.m2\repository\com\opera\operalaunchers\1.1\operalaunchers-1.1.jar;C:\Users\suganya.jagadeesan\.m2\repository\com\google\protobuf\protobuf-java\2.4.1\protobuf-java-2.4.1.jar;C:\Users\suganya.jagadeesan\.m2\repository\commons-jxpath\commons-jxpath\1.3\commons-jxpath-1.3.jar;C:\Users\suganya.jagadeesan\.m2\repository\org\ini4j\ini4j\0.5.2\ini4j-0.5.2.jar;C:\Users\suganya.jagadeesan\.m2\repository\org\seleniumhq\selenium\selenium-server\2.48.2\selenium-server-2.48.2.jar;C:\Users\suganya.jagadeesan\.m2\repository\com\beust\jcommander\1.48\jcommander-1.48.jar;C:\Users\suganya.jagadeesan\.m2\repository\org\bouncycastle\bcprov-jdk15on\1.48\bcprov-jdk15on-1.48.jar;C:\Users\suganya.jagadeesan\.m2\repository\org\bouncycastle\bcpkix-jdk15on\1.48\bcpkix-jdk15on-1.48.jar;C:\Users\suganya.jagadeesan\.m2\repository\mx4j\mx4j-tools\3.0.1\mx4j-tools-3.0.1.jar;C:\Users\suganya.jagadeesan\.m2\repository\org\mortbay\jetty\servlet-api-2.5\6.1.9\servlet-api-2.5-6.1.9.jar;C:\Users\suganya.jagadeesan\.m2\repository\org\seleniumhq\selenium\jetty-repacked\9.2.13.v20150730\jetty-repacked-9.2.13.v20150730.jar;C:\Users\suganya.jagadeesan\.m2\repository\javax\servlet\javax.servlet-api\3.1.0\javax.servlet-api-3.1.0.jar;C:\Users\suganya.jagadeesan\.m2\repository\org\seleniumhq\selenium\jetty-rc-repacked\5\jetty-rc-repacked-5.jar;C:\Users\suganya.jagadeesan\.m2\repository\net\jcip\jcip-annotations\1.0\jcip-annotations-1.0.jar;C:\Users\suganya.jagadeesan\.m2\repository\org\seleniumhq\selenium\selenium-java\2.48.2\selenium-java-2.48.2.jar;C:\Users\suganya.jagadeesan\.m2\repository\org\seleniumhq\selenium\selenium-chrome-driver\2.48.2\selenium-chrome-driver-2.48.2.jar;C:\Users\suganya.jagadeesan\.m2\repository\org\seleniumhq\selenium\selenium-remote-driver\2.48.2\selenium-remote-driver-2.48.2.jar;C:\Users\suganya.jagadeesan\.m2\repository\org\seleniumhq\selenium\selenium-api\2.48.2\selenium-api-2.48.2.jar;C:\Users\suganya.jagadeesan\.m2\repository\org\seleniumhq\selenium\selenium-edge-driver\2.48.2\selenium-edge-driver-2.48.2.jar;C:\Users\suganya.jagadeesan\.m2\repository\org\apache\commons\commons-exec\1.3\commons-exec-1.3.jar;C:\Users\suganya.jagadeesan\.m2\repository\org\seleniumhq\selenium\selenium-htmlunit-driver\2.48.2\selenium-htmlunit-driver-2.48.2.jar;C:\Users\suganya.jagadeesan\.m2\repository\org\seleniumhq\selenium\selenium-firefox-driver\2.48.2\selenium-firefox-driver-2.48.2.jar;C:\Users\suganya.jagadeesan\.m2\repository\org\seleniumhq\selenium\selenium-ie-driver\2.48.2\selenium-ie-driver-2.48.2.jar;C:\Users\suganya.jagadeesan\.m2\repository\net\java\dev\jna\jna\4.1.0\jna-4.1.0.jar;C:\Users\suganya.jagadeesan\.m2\repository\net\java\dev\jna\jna-platform\4.1.0\jna-platform-4.1.0.jar;C:\Users\suganya.jagadeesan\.m2\repository\org\seleniumhq\selenium\selenium-safari-driver\2.48.2\selenium-safari-driver-2.48.2.jar;C:\Users\suganya.jagadeesan\.m2\repository\org\seleniumhq\selenium\selenium-support\2.48.2\selenium-support-2.48.2.jar;C:\Users\suganya.jagadeesan\.m2\repository\org\webbitserver\webbit\0.4.14\webbit-0.4.14.jar;C:\Users\suganya.jagadeesan\.m2\repository\io\netty\netty\3.5.2.Final\netty-3.5.2.Final.jar;C:\Users\suganya.jagadeesan\.m2\repository\org\seleniumhq\selenium\selenium-leg-rc\2.48.2\selenium-leg-rc-2.48.2.jar;C:\Users\suganya.jagadeesan\.m2\repository\org\yaml\snakeyaml\1.8\snakeyaml-1.8.jar;C:\Users\suganya.jagadeesan\.m2\repository\com\codeborne\phantomjsdriver\1.2.1\phantomjsdriver-1.2.1.jar;C:\Users\suganya.jagadeesan\.m2\repository\io\appium\java-client\3.2.0\java-client-3.2.0.jar;C:\Users\suganya.jagadeesan\.m2\repository\commons-validator\commons-validator\1.4.1\commons-validator-1.4.1.jar;C:\Users\suganya.jagadeesan\.m2\repository\commons-beanutils\commons-beanutils\1.8.3\commons-beanutils-1.8.3.jar;C:\Users\suganya.jagadeesan\.m2\repository\commons-digester\commons-digester\1.8.1\commons-digester-1.8.1.jar;C:\Users\suganya.jagadeesan\.m2\repository\org\codehaus\groovy\groovy\2.3.10\groovy-2.3.10.jar;C:\Users\suganya.jagadeesan\.m2\repository\net\sf\opencsv\opencsv\2.0\opencsv-2.0.jar;C:\Users\suganya.jagadeesan\.m2\repository\commons-beanutils\commons-beanutils-core\1.8.3\commons-beanutils-core-1.8.3.jar;C:\Users\suganya.jagadeesan\.m2\repository\com\googlecode\lambdaj\lambdaj\2.3.3\lambdaj-2.3.3.jar;C:\Users\suganya.jagadeesan\.m2\repository\joda-time\joda-time\2.7\joda-time-2.7.jar;C:\Users\suganya.jagadeesan\.m2\repository\com\thoughtworks\xstream\xstream\1.4.5\xstream-1.4.5.jar;C:\Users\suganya.jagadeesan\.m2\repository\xmlpull\xmlpull\1.1.3.1\xmlpull-1.1.3.1.jar;C:\Users\suganya.jagadeesan\.m2\repository\xpp3\xpp3_min\1.1.4c\xpp3_min-1.1.4c.jar;C:\Users\suganya.jagadeesan\.m2\repository\org\apache\commons\commons-lang3\3.3.2\commons-lang3-3.3.2.jar;C:\Users\suganya.jagadeesan\.m2\repository\commons-collections\commons-collections\3.2.1\commons-collections-3.2.1.jar;C:\Users\suganya.jagadeesan\.m2\repository\net\sourceforge\jexcelapi\jxl\2.6.12\jxl-2.6.12.jar;C:\Users\suganya.jagadeesan\.m2\repository\org\hamcrest\hamcrest-core\1.3\hamcrest-core-1.3.jar;C:\Users\suganya.jagadeesan\.m2\repository\org\hamcrest\hamcrest-library\1.3\hamcrest-library-1.3.jar;C:\Users\suganya.jagadeesan\.m2\repository\net\sourceforge\htmlunit\htmlunit\2.18\htmlunit-2.18.jar;C:\Users\suganya.jagadeesan\.m2\repository\xalan\xalan\2.7.2\xalan-2.7.2.jar;C:\Users\suganya.jagadeesan\.m2\repository\xalan\serializer\2.7.2\serializer-2.7.2.jar;C:\Users\suganya.jagadeesan\.m2\repository\net\sourceforge\htmlunit\htmlunit-core-js\2.17\htmlunit-core-js-2.17.jar;C:\Users\suganya.jagadeesan\.m2\repository\xerces\xercesImpl\2.11.0\xercesImpl-2.11.0.jar;C:\Users\suganya.jagadeesan\.m2\repository\net\sourceforge\nekohtml\nekohtml\1.9.22\nekohtml-1.9.22.jar;C:\Users\suganya.jagadeesan\.m2\repository\net\sourceforge\cssparser\cssparser\0.9.16\cssparser-0.9.16.jar;C:\Users\suganya.jagadeesan\.m2\repository\org\w3c\css\sac\1.3\sac-1.3.jar;C:\Users\suganya.jagadeesan\.m2\repository\org\eclipse\jetty\websocket\websocket-client\9.2.12.v20150709\websocket-client-9.2.12.v20150709.jar;C:\Users\suganya.jagadeesan\.m2\repository\org\eclipse\jetty\jetty-util\9.2.12.v20150709\jetty-util-9.2.12.v20150709.jar;C:\Users\suganya.jagadeesan\.m2\repository\org\eclipse\jetty\jetty-io\9.2.12.v20150709\jetty-io-9.2.12.v20150709.jar;C:\Users\suganya.jagadeesan\.m2\repository\org\eclipse\jetty\websocket\websocket-common\9.2.12.v20150709\websocket-common-9.2.12.v20150709.jar;C:\Users\suganya.jagadeesan\.m2\repository\org\eclipse\jetty\websocket\websocket-api\9.2.12.v20150709\websocket-api-9.2.12.v20150709.jar;C:\Users\suganya.jagadeesan\.m2\repository\org\apache\httpcomponents\httpclient\4.4.1\httpclient-4.4.1.jar;C:\Users\suganya.jagadeesan\.m2\repository\org\apache\httpcomponents\httpcore\4.4.1\httpcore-4.4.1.jar;C:\Users\suganya.jagadeesan\.m2\repository\org\apache\httpcomponents\httpmime\4.4.1\httpmime-4.4.1.jar;C:\Users\suganya.jagadeesan\.m2\repository\org\fluentlenium\fluentlenium-core\0.10.2\fluentlenium-core-0.10.2.jar;C:\Users\suganya.jagadeesan\.m2\repository\com\jhlabs\filters\2.0.235\filters-2.0.235.jar;C:\Users\suganya.jagadeesan\.m2\repository\org\asciidoctor\asciidoctor-java-integration\0.1.4\asciidoctor-java-integration-0.1.4.jar;C:\Users\suganya.jagadeesan\.m2\repository\org\jruby\jruby-complete\1.7.4\jruby-complete-1.7.4.jar;C:\Users\suganya.jagadeesan\.m2\repository\org\imgscalr\imgscalr-lib\4.2\imgscalr-lib-4.2.jar;C:\Users\suganya.jagadeesan\.m2\repository\javax\validation\validation-api\1.1.0.Final\validation-api-1.1.0.Final.jar;C:\Users\suganya.jagadeesan\.m2\repository\org\hibernate\hibernate-validator\5.1.1.Final\hibernate-validator-5.1.1.Final.jar;C:\Users\suganya.jagadeesan\.m2\repository\org\jboss\logging\jboss-logging\3.1.3.GA\jboss-logging-3.1.3.GA.jar;C:\Users\suganya.jagadeesan\.m2\repository\com\fasterxml\classmate\1.0.0\classmate-1.0.0.jar;C:\Users\suganya.jagadeesan\.m2\repository\javax\el\javax.el-api\2.2.4\javax.el-api-2.2.4.jar;C:\Users\suganya.jagadeesan\.m2\repository\org\glassfish\web\javax.el\2.2.4\javax.el-2.2.4.jar;C:\Users\suganya.jagadeesan\.m2\repository\com\jayway\awaitility\awaitility\1.6.3\awaitility-1.6.3.jar;C:\Users\suganya.jagadeesan\.m2\repository\com\typesafe\config\1.2.1\config-1.2.1.jar;C:\Users\suganya.jagadeesan\.m2\repository\org\jsoup\jsoup\1.8.3\jsoup-1.8.3.jar;C:\Users\suganya.jagadeesan\.m2\repository\com\google\jimfs\jimfs\1.0\jimfs-1.0.jar;C:\Users\suganya.jagadeesan\.m2\repository\net\serenity-bdd\serenity-junit\1.1.21\serenity-junit-1.1.21.jar;C:\Users\suganya.jagadeesan\.m2\repository\org\slf4j\slf4j-simple\1.6.1\slf4j-simple-1.6.1.jar;C:\Users\suganya.jagadeesan\.m2\repository\junit\junit\4.11\junit-4.11.jar;C:\Users\suganya.jagadeesan\.m2\repository\net\serenity-bdd\serenity-cucumber\1.1.8\serenity-cucumber-1.1.8.jar;C:\Users\suganya.jagadeesan\.m2\repository\net\serenity-bdd\serenity-screenplay\1.1.34\serenity-screenplay-1.1.34.jar;C:\Users\suganya.jagadeesan\.m2\repository\com\google\code\findbugs\jsr305\3.0.1\jsr305-3.0.1.jar;C:\Users\suganya.jagadeesan\.m2\repository\net\serenity-bdd\browse-the-web\1.1.34\browse-the-web-1.1.34.jar;C:\Users\suganya.jagadeesan\.m2\repository\info\cukes\cucumber-junit\1.1.3\cucumber-junit-1.1.3.jar;C:\Users\suganya.jagadeesan\.m2\repository\info\cukes\cucumber-java\1.1.3\cucumber-java-1.1.3.jar;C:\Users\suganya.jagadeesan\.m2\repository\org\assertj\assertj-core\3.9.0\assertj-core-3.9.0.jar;C:\Users\suganya.jagadeesan\.m2\repository\net\serenity-bdd\serenity-report-resources\1.9.0\serenity-report-resources-1.9.0.jar;C:\Users\suganya.jagadeesan\.m2\repository\io\cucumber\cucumber-core\2.3.0\cucumber-core-2.3.0.jar;C:\Users\suganya.jagadeesan\.m2\repository\io\cucumber\cucumber-jvm-deps\1.0.6\cucumber-jvm-deps-1.0.6.jar;C:\Users\suganya.jagadeesan\.m2\repository\io\cucumber\gherkin\5.0.0\gherkin-5.0.0.jar;C:\Users\suganya.jagadeesan\.m2\repository\io\cucumber\tag-expressions\1.1.1\tag-expressions-1.1.1.jar;C:\Users\suganya.jagadeesan\.m2\repository\net\bytebuddy\byte-buddy\1.7.5\byte-buddy-1.7.5.jar;C:\Users\suganya.jagadeesan\.m2\repository\io\vavr\vavr\0.9.0\vavr-0.9.0.jar;C:\Users\suganya.jagadeesan\.m2\repository\io\vavr\vavr-match\0.9.0\vavr-match-0.9.0.jar;C:\Users\suganya.jagadeesan\.m2\repository\com\buschmais\jqassistant\core\report\1.3.0\report-1.3.0.jar;C:\Users\suganya.jagadeesan\.m2\repository\com\buschmais\jqassistant\core\rule\1.3.0\rule-1.3.0.jar;C:\Users\suganya.jagadeesan\.m2\repository\com\buschmais\jqassistant\core\shared\1.3.0\shared-1.3.0.jar;C:\Users\suganya.jagadeesan\.m2\repository\org\asciidoctor\asciidoctorj\1.5.4.1\asciidoctorj-1.5.4.1.jar;C:\Users\suganya.jagadeesan\.m2\repository\org\jruby\jruby-core\9.1.7.0\jruby-core-9.1.7.0.jar;C:\Users\suganya.jagadeesan\.m2\repository\com\github\jnr\jnr-netdb\1.1.6\jnr-netdb-1.1.6.jar;C:\Users\suganya.jagadeesan\.m2\repository\com\github\jnr\jnr-enxio\0.14\jnr-enxio-0.14.jar;C:\Users\suganya.jagadeesan\.m2\repository\com\github\jnr\jnr-x86asm\1.0.2\jnr-x86asm-1.0.2.jar;C:\Users\suganya.jagadeesan\.m2\repository\com\github\jnr\jnr-unixsocket\0.15\jnr-unixsocket-0.15.jar;C:\Users\suganya.jagadeesan\.m2\repository\com\github\jnr\jnr-posix\3.0.33\jnr-posix-3.0.33.jar;C:\Users\suganya.jagadeesan\.m2\repository\com\github\jnr\jnr-constants\0.9.6\jnr-constants-0.9.6.jar;C:\Users\suganya.jagadeesan\.m2\repository\com\github\jnr\jffi\1.2.14\jffi-1.2.14.jar;C:\Users\suganya.jagadeesan\.m2\repository\com\github\jnr\jffi\1.2.14\jffi-1.2.14-native.jar;C:\Users\suganya.jagadeesan\.m2\repository\org\jruby\joni\joni\2.1.11\joni-2.1.11.jar;C:\Users\suganya.jagadeesan\.m2\repository\org\jruby\extras\bytelist\1.0.13\bytelist-1.0.13.jar;C:\Users\suganya.jagadeesan\.m2\repository\org\jruby\jcodings\jcodings\1.0.18\jcodings-1.0.18.jar;C:\Users\suganya.jagadeesan\.m2\repository\org\jruby\dirgra\0.3\dirgra-0.3.jar;C:\Users\suganya.jagadeesan\.m2\repository\com\headius\invokebinder\1.7\invokebinder-1.7.jar;C:\Users\suganya.jagadeesan\.m2\repository\com\headius\options\1.4\options-1.4.jar;C:\Users\suganya.jagadeesan\.m2\repository\com\headius\unsafe-fences\1.0\unsafe-fences-1.0.jar;C:\Users\suganya.jagadeesan\.m2\repository\com\jcraft\jzlib\1.1.3\jzlib-1.1.3.jar;C:\Users\suganya.jagadeesan\.m2\repository\com\martiansoftware\nailgun-server\0.9.1\nailgun-server-0.9.1.jar;C:\Users\suganya.jagadeesan\.m2\repository\org\jruby\jruby-stdlib\9.1.7.0\jruby-stdlib-9.1.7.0.jar;C:\Users\suganya.jagadeesan\.m2\repository\org\ow2\asm\asm-analysis\5.2\asm-analysis-5.2.jar;C:\Users\suganya.jagadeesan\.m2\repository\org\ow2\asm\asm-tree\5.2\asm-tree-5.2.jar;C:\Users\suganya.jagadeesan\.m2\repository\org\ow2\asm\asm-commons\5.2\asm-commons-5.2.jar;C:\Users\suganya.jagadeesan\.m2\repository\org\ow2\asm\asm-util\5.2\asm-util-5.2.jar;C:\Users\suganya.jagadeesan\.m2\repository\com\buschmais\xo\xo.neo4j.api\0.8.1\xo.neo4j.api-0.8.1.jar;C:\Users\suganya.jagadeesan\.m2\repository\com\buschmais\xo\xo.api\0.8.1\xo.api-0.8.1.jar;C:\Users\suganya.jagadeesan\.m2\repository\com\buschmais\xo\xo.spi\0.8.1\xo.spi-0.8.1.jar;C:\Users\suganya.jagadeesan\.m2\repository\com\sun\xml\bind\jaxb-impl\2.2.8-b01\jaxb-impl-2.2.8-b01.jar;C:\Users\suganya.jagadeesan\.m2\repository\com\sun\xml\bind\jaxb-core\2.2.8-b01\jaxb-core-2.2.8-b01.jar;C:\Users\suganya.jagadeesan\.m2\repository\javax\xml\bind\jaxb-api\2.2.9\jaxb-api-2.2.9.jar;C:\Users\suganya.jagadeesan\.m2\repository\com\sun\istack\istack-commons-runtime\2.16\istack-commons-runtime-2.16.jar;C:\Users\suganya.jagadeesan\.m2\repository\com\sun\xml\fastinfoset\FastInfoset\1.2.12\FastInfoset-1.2.12.jar;C:\Users\suganya.jagadeesan\.m2\repository\net\serenity-bdd\serenity-rest-assured\1.9.0-rc.3\serenity-rest-assured-1.9.0-rc.3.jar;C:\Users\suganya.jagadeesan\.m2\repository\io\rest-assured\rest-assured\3.0.5\rest-assured-3.0.5.jar;C:\Users\suganya.jagadeesan\.m2\repository\org\codehaus\groovy\groovy-xml\2.4.9\groovy-xml-2.4.9.jar;C:\Users\suganya.jagadeesan\.m2\repository\org\ccil\cowan\tagsoup\tagsoup\1.2.1\tagsoup-1.2.1.jar;C:\Users\suganya.jagadeesan\.m2\repository\io\rest-assured\json-path\3.0.5\json-path-3.0.5.jar;C:\Users\suganya.jagadeesan\.m2\repository\org\codehaus\groovy\groovy-json\2.4.9\groovy-json-2.4.9.jar;C:\Users\suganya.jagadeesan\.m2\repository\io\rest-assured\rest-assured-common\3.0.5\rest-assured-common-3.0.5.jar;C:\Users\suganya.jagadeesan\.m2\repository\io\rest-assured\xml-path\3.0.5\xml-path-3.0.5.jar;C:\Users\suganya.jagadeesan\.m2\repository\org\freemarker\freemarker\2.3.27-incubating\freemarker-2.3.27-incubating.jar;"/>
    <property name="sun.cpu.endian" value="little"/>
    <property name="user.home" value="C:\Users\suganya.jagadeesan"/>
    <property name="user.language" value="en"/>
    <property name="java.specification.vendor" value="Oracle Corporation"/>
    <property name="java.home" value="C:\Program Files\Java\jdk-9.0.4"/>
    <property name="file.separator" value="\"/>
    <property name="basedir" value="C:\Users\suganya.jagadeesan\IdeaProjects\webIndividual"/>
    <property name="java.vm.compressedOopsMode" value="32-bit"/>
    <property name="line.separator" value="&#10;"/>
    <property name="java.vm.specification.vendor" value="Oracle Corporation"/>
    <property name="java.specification.name" value="Java Platform API Specification"/>
    <property name="java.awt.graphicsenv" value="sun.awt.Win32GraphicsEnvironment"/>
    <property name="surefire.real.class.path" value="C:\Users\SUGANY~1.JAG\AppData\Local\Temp\surefire10882018917739946687\surefirebooter7822936018013829386.jar"/>
    <property name="user.script" value=""/>
    <property name="sun.management.compiler" value="HotSpot 64-Bit Tiered Compilers"/>
    <property name="java.runtime.version" value="9.0.4+11"/>
    <property name="user.name" value="Suganya.Jagadeesan"/>
    <property name="path.separator" value=";"/>
    <property name="os.version" value="10.0"/>
    <property name="java.runtime.name" value="Java(TM) SE Runtime Environment"/>
    <property name="file.encoding" value="Cp1252"/>
    <property name="java.vm.name" value="Java HotSpot(TM) 64-Bit Server VM"/>
    <property name="localRepository" value="C:\Users\suganya.jagadeesan\.m2\repository"/>
    <property name="java.vendor.url.bug" value="http://bugreport.java.com/bugreport/"/>
    <property name="java.io.tmpdir" value="C:\Users\SUGANY~1.JAG\AppData\Local\Temp\"/>
    <property name="idea.version" value="2017.3.4"/>
    <property name="java.version" value="9.0.4"/>
    <property name="user.dir" value="C:\Users\suganya.jagadeesan\IdeaProjects\webIndividual"/>
    <property name="os.arch" value="amd64"/>
    <property name="java.vm.specification.name" value="Java Virtual Machine Specification"/>
    <property name="java.awt.printerjob" value="sun.awt.windows.WPrinterJob"/>
    <property name="sun.os.patch.level" value=""/>
    <property name="java.library.path" value="C:\Program Files\Java\jdk-9.0.4\bin;C:\WINDOWS\Sun\Java\bin;C:\WINDOWS\system32;C:\WINDOWS;C:\ProgramData\Oracle\Java\javapath;C:\WINDOWS\system32;C:\WINDOWS;C:\WINDOWS\System32\Wbem;C:\WINDOWS\System32\WindowsPowerShell\v1.0\;C:\Users\suganya.jagadeesan\AppData\Local\Programs\Python\Python36-32\Scripts\;C:\Users\suganya.jagadeesan\AppData\Local\Programs\Python\Python36-32\;C:\Users\suganya.jagadeesan\AppData\Local\Microsoft\WindowsApps;;."/>
    <property name="java.vm.info" value="mixed mode"/>
    <property name="java.vendor" value="Oracle Corporation"/>
    <property name="java.vm.version" value="9.0.4+11"/>
    <property name="sun.io.unicode.encoding" value="UnicodeLittle"/>
    <property name="java.class.version" value="53.0"/>
  </properties>
  <testcase name="shouldBeAbleToNavigateToLogIn[0]" classname="net.serenity.bdd.features.navigation.WhenUserLogIn" time="14.638"/>
  <testcase name="userShouldBeAbleToLogIn[0]" classname="net.serenity.bdd.features.navigation.WhenUserLogIn" time="8.096"/>
  <testcase name="shouldBeAbleToNavigateToLogIn[1]" classname="net.serenity.bdd.features.navigation.WhenUserLogIn" time="8.709"/>
  <testcase name="userShouldBeAbleToLogIn[1]" classname="net.serenity.bdd.features.navigation.WhenUserLogIn" time="1.943"/>
</testsuite>